[11:03:10.255] Global cache location '/home/quentin/.cache/typescript/4.5', safe file path '/usr/lib/node_modules/typescript/lib/typingSafeList.json', types map path /usr/lib/node_modules/typescript/lib/typesMap.json
[11:03:10.256] Processing cache location '/home/quentin/.cache/typescript/4.5'
[11:03:10.256] Trying to find '/home/quentin/.cache/typescript/4.5/package.json'...
[11:03:10.260] Loaded content of '/home/quentin/.cache/typescript/4.5/package.json': {"private":true,"dependencies":{"types-registry":"^0.1.713"}}
[11:03:10.260] Loaded content of '/home/quentin/.cache/typescript/4.5/package-lock.json'
[11:03:10.260] Finished processing cache location '/home/quentin/.cache/typescript/4.5'
[11:03:10.260] Process id: 12809
[11:03:10.260] NPM location: /usr/bin/npm (explicit '--npmLocation' not  provided)
[11:03:10.260] validateDefaultNpmLocation: false
[11:03:10.261] Npm config file: /home/quentin/.cache/typescript/4.5/package.json
[11:03:10.261] Updating types-registry npm package...
[11:03:10.261] Exec: /usr/bin/npm install --ignore-scripts types-registry@latest
[11:03:12.488]     Succeeded. stdout:
    
    changed 1 package, and audited 2 packages in 2s

found 0 vulnerabilities

[11:03:12.488] Updated types-registry npm package
[11:03:14.397] Got install request {"projectName":"/dev/null/inferredProject1*","fileNames":["/usr/lib/node_modules/typescript/lib/lib.es5.d.ts","/usr/lib/node_modules/typescript/lib/lib.es2015.d.ts","/usr/lib/node_modules/typescript/lib/lib.es2016.d.ts","/usr/lib/node_modules/typescript/lib/lib.dom.d.ts","/usr/lib/node_modules/typescript/lib/lib.dom.iterable.d.ts","/usr/lib/node_modules/typescript/lib/lib.webworker.importscripts.d.ts","/usr/lib/node_modules/typescript/lib/lib.scripthost.d.ts","/usr/lib/node_modules/typescript/lib/lib.es2015.core.d.ts","/usr/lib/node_modules/typescript/lib/lib.es2015.collection.d.ts","/usr/lib/node_modules/typescript/lib/lib.es2015.generator.d.ts","/usr/lib/node_modules/typescript/lib/lib.es2015.iterable.d.ts","/usr/lib/node_modules/typescript/lib/lib.es2015.promise.d.ts","/usr/lib/node_modules/typescript/lib/lib.es2015.proxy.d.ts","/usr/lib/node_modules/typescript/lib/lib.es2015.reflect.d.ts","/usr/lib/node_modules/typescript/lib/lib.es2015.symbol.d.ts","/usr/lib/node_modules/typescript/lib/lib.es2015.symbol.wellknown.d.ts","/usr/lib/node_modules/typescript/lib/lib.es2016.array.include.d.ts","/usr/lib/node_modules/typescript/lib/lib.es2016.full.d.ts","/home/quentin/Development/javascript/30-days-js/27.js"],"compilerOptions":{"module":1,"target":3,"jsx":1,"allowJs":true,"allowSyntheticDefaultImports":true,"allowNonTsExtensions":true,"noEmitForJsFiles":true,"maxNodeModuleJsDepth":2},"typeAcquisition":{"enable":true,"include":[],"exclude":[]},"unresolvedImports":[],"projectRootPath":"/home/quentin/Development/javascript/30-days-js","kind":"discover"}
[11:03:14.514] Loaded safelist from types map file '/usr/lib/node_modules/typescript/lib/typesMap.json'
[11:03:14.515] Explicitly included types: []
[11:03:14.520] Inferred typings from unresolved imports: []
[11:03:14.520] Result: {"cachedTypingPaths":[],"newTypingNames":[],"filesToWatch":["/home/quentin/Development/javascript/30-days-js/bower_components","/home/quentin/Development/javascript/30-days-js/node_modules"]}
[11:03:14.520] Finished typings discovery: {"cachedTypingPaths":[],"newTypingNames":[],"filesToWatch":["/home/quentin/Development/javascript/30-days-js/bower_components","/home/quentin/Development/javascript/30-days-js/node_modules"]}
[11:03:14.521] DirectoryWatcher:: Added:: WatchInfo: /home/quentin/Development/javascript/30-days-js/bower_components
[11:03:14.524] DirectoryWatcher:: Added:: WatchInfo: /home/quentin/Development/javascript/30-days-js/bower_components 1 undefined Project: /dev/null/inferredProject1* watcher already invoked: false
[11:03:14.526] Elapsed:: 2.3855850000009013ms DirectoryWatcher:: Added:: WatchInfo: /home/quentin/Development/javascript/30-days-js/bower_components 1 undefined Project: /dev/null/inferredProject1* watcher already invoked: false
[11:03:14.527] DirectoryWatcher:: Added:: WatchInfo: /home/quentin/Development/javascript/30-days-js/node_modules
[11:03:14.527] DirectoryWatcher:: Added:: WatchInfo: /home/quentin/Development/javascript/30-days-js/node_modules 1 undefined Project: /dev/null/inferredProject1* watcher already invoked: false
[11:03:14.527] Elapsed:: 0.33005300000058924ms DirectoryWatcher:: Added:: WatchInfo: /home/quentin/Development/javascript/30-days-js/node_modules 1 undefined Project: /dev/null/inferredProject1* watcher already invoked: false
[11:03:14.527] Sending response:
    {"projectName":"/dev/null/inferredProject1*","typeAcquisition":{"enable":true,"include":[],"exclude":[]},"compilerOptions":{"module":1,"target":3,"jsx":1,"allowJs":true,"allowSyntheticDefaultImports":true,"allowNonTsExtensions":true,"noEmitForJsFiles":true,"maxNodeModuleJsDepth":2},"typings":[],"unresolvedImports":[],"kind":"action::set"}
[11:03:14.530] Response has been sent.
[11:03:14.530] No new typings were requested as a result of typings discovery
